<?xml version="1.0" encoding="utf-8"?><testsuites name="pytest tests"><testsuite name="pytest" errors="0" failures="0" skipped="0" tests="4" time="29.247" timestamp="2025-10-13T12:35:34.829772+01:00" hostname="DESKTOP-VL67HBB"><testcase classname="TestCalidations.TestValidations" name="test_check_null_value_negative" time="26.888" /><testcase classname="TestCalidations.TestValidations" name="test_check_validation_schema_mismatch" time="0.661" /><testcase classname="TestCalidations.TestValidations" name="test_check_blank_value_positive" time="0.669" /><testcase classname="TestCalidations.TestValidations" name="test_check_null_value_positive" time="0.627" /></testsuite></testsuites>